<?xml version="1.0" encoding="UTF-8"?>
<!-- Generated by org.testng.reporters.JUnitReportReporter -->
<testsuite hostname="KARAN" failures="0" tests="1" name="test.HomePageTest" time="0.000" errors="0" timestamp="2023-03-30T10:15:03 IST" skipped="1">
  <testcase classname="test.HomePageTest" name="LogoutTest" time="0.000">
    <skipped/>
  </testcase> <!-- LogoutTest -->
  <system-out/>
</testsuite> <!-- test.HomePageTest -->
