<?xml version="1.0" encoding="UTF-8"?>
<!-- Generated by org.testng.reporters.JUnitReportReporter -->
<testsuite hostname="KARAN" failures="0" tests="1" name="test.LoginTest" time="1.872" errors="0" timestamp="2023-01-19T10:10:10 IST" skipped="0">
  <testcase classname="test.LoginTest" name="login" time="1.872"/>
  <system-out/>
</testsuite> <!-- test.LoginTest -->
