<?xml version="1.0" encoding="UTF-8"?>
<!-- Generated by org.testng.reporters.JUnitReportReporter -->
<testsuite hostname="KARAN" failures="0" tests="1" name="test.HomePageTest" time="3.772" errors="0" timestamp="2023-01-19T10:10:10 IST" skipped="0">
  <testcase classname="test.HomePageTest" name="LogoutTest" time="3.772"/>
  <system-out/>
</testsuite> <!-- test.HomePageTest -->
